20:06:39.407 [main] INFO  c.p.s.service.RarPassSeekerService - [seekPassword] end, lines: []
20:22:40.371 [ForkJoinPool.commonPool-worker-23] ERROR c.p.s.service.RarPassSeekerService - [tryExtract] Exception
com.pass.seeker.exception.ExtractorException: java.io.IOException: Cannot run program "sh" (in directory "."): error=2, No such file or directory
	at com.pass.seeker.extractor.RarExtractor.extractWithPassword(RarExtractor.java:31)
	at com.pass.seeker.service.RarPassSeekerService.lambda$tryExtract$2(RarPassSeekerService.java:66)
	at java.base/java.util.Optional.ifPresentOrElse(Optional.java:201)
	at com.pass.seeker.service.RarPassSeekerService.tryExtract(RarPassSeekerService.java:63)
	at com.pass.seeker.service.RarPassSeekerService.seek(RarPassSeekerService.java:57)
	at com.pass.seeker.service.RarPassSeekerService.lambda$seekPassword$0(RarPassSeekerService.java:42)
	at java.base/java.util.concurrent.CompletableFuture$AsyncRun.run(CompletableFuture.java:1736)
	at java.base/java.util.concurrent.CompletableFuture$AsyncRun.exec(CompletableFuture.java:1728)
	at java.base/java.util.concurrent.ForkJoinTask.doExec(ForkJoinTask.java:290)
	at java.base/java.util.concurrent.ForkJoinPool$WorkQueue.topLevelExec(ForkJoinPool.java:1020)
	at java.base/java.util.concurrent.ForkJoinPool.scan(ForkJoinPool.java:1656)
	at java.base/java.util.concurrent.ForkJoinPool.runWorker(ForkJoinPool.java:1594)
	at java.base/java.util.concurrent.ForkJoinWorkerThread.run(ForkJoinWorkerThread.java:177)
Caused by: java.io.IOException: Cannot run program "sh" (in directory "."): error=2, No such file or directory
	at java.base/java.lang.ProcessBuilder.start(ProcessBuilder.java:1128)
	at java.base/java.lang.ProcessBuilder.start(ProcessBuilder.java:1071)
	at com.pass.seeker.extractor.RarExtractor.extractWithPassword(RarExtractor.java:24)
	... 12 common frames omitted
Caused by: java.io.IOException: error=2, No such file or directory
	at java.base/java.lang.ProcessImpl.forkAndExec(Native Method)
	at java.base/java.lang.ProcessImpl.<init>(ProcessImpl.java:340)
	at java.base/java.lang.ProcessImpl.start(ProcessImpl.java:271)
	at java.base/java.lang.ProcessBuilder.start(ProcessBuilder.java:1107)
	... 14 common frames omitted
20:27:07.082 [ForkJoinPool.commonPool-worker-27] ERROR c.p.s.service.RarPassSeekerService - [tryExtract] Exception
com.pass.seeker.exception.ExtractorException: java.io.IOException: Cannot run program "sh" (in directory "."): error=2, No such file or directory
	at com.pass.seeker.extractor.RarExtractor.extractWithPassword(RarExtractor.java:31)
	at com.pass.seeker.service.RarPassSeekerService.lambda$tryExtract$2(RarPassSeekerService.java:66)
	at java.base/java.util.Optional.ifPresentOrElse(Optional.java:201)
	at com.pass.seeker.service.RarPassSeekerService.tryExtract(RarPassSeekerService.java:63)
	at com.pass.seeker.service.RarPassSeekerService.seek(RarPassSeekerService.java:57)
	at com.pass.seeker.service.RarPassSeekerService.lambda$seekPassword$0(RarPassSeekerService.java:42)
	at java.base/java.util.concurrent.CompletableFuture$AsyncRun.run(CompletableFuture.java:1736)
	at java.base/java.util.concurrent.CompletableFuture$AsyncRun.exec(CompletableFuture.java:1728)
	at java.base/java.util.concurrent.ForkJoinTask.doExec(ForkJoinTask.java:290)
	at java.base/java.util.concurrent.ForkJoinPool$WorkQueue.topLevelExec(ForkJoinPool.java:1020)
	at java.base/java.util.concurrent.ForkJoinPool.scan(ForkJoinPool.java:1656)
	at java.base/java.util.concurrent.ForkJoinPool.runWorker(ForkJoinPool.java:1594)
	at java.base/java.util.concurrent.ForkJoinWorkerThread.run(ForkJoinWorkerThread.java:177)
Caused by: java.io.IOException: Cannot run program "sh" (in directory "."): error=2, No such file or directory
	at java.base/java.lang.ProcessBuilder.start(ProcessBuilder.java:1128)
	at java.base/java.lang.ProcessBuilder.start(ProcessBuilder.java:1071)
	at com.pass.seeker.extractor.RarExtractor.extractWithPassword(RarExtractor.java:24)
	... 12 common frames omitted
Caused by: java.io.IOException: error=2, No such file or directory
	at java.base/java.lang.ProcessImpl.forkAndExec(Native Method)
	at java.base/java.lang.ProcessImpl.<init>(ProcessImpl.java:340)
	at java.base/java.lang.ProcessImpl.start(ProcessImpl.java:271)
	at java.base/java.lang.ProcessBuilder.start(ProcessBuilder.java:1107)
	... 14 common frames omitted
20:36:28.886 [ForkJoinPool.commonPool-worker-19] ERROR c.p.s.service.RarPassSeekerService - [tryExtract] Exception
com.pass.seeker.exception.ExtractorException: java.io.IOException: Cannot run program "sh" (in directory "."): error=2, No such file or directory
	at com.pass.seeker.extractor.RarExtractor.extractWithPassword(RarExtractor.java:31)
	at com.pass.seeker.service.RarPassSeekerService.lambda$tryExtract$2(RarPassSeekerService.java:66)
	at java.base/java.util.Optional.ifPresentOrElse(Optional.java:201)
	at com.pass.seeker.service.RarPassSeekerService.tryExtract(RarPassSeekerService.java:63)
	at com.pass.seeker.service.RarPassSeekerService.seek(RarPassSeekerService.java:57)
	at com.pass.seeker.service.RarPassSeekerService.lambda$seekPassword$0(RarPassSeekerService.java:42)
	at java.base/java.util.concurrent.CompletableFuture$AsyncRun.run(CompletableFuture.java:1736)
	at java.base/java.util.concurrent.CompletableFuture$AsyncRun.exec(CompletableFuture.java:1728)
	at java.base/java.util.concurrent.ForkJoinTask.doExec(ForkJoinTask.java:290)
	at java.base/java.util.concurrent.ForkJoinPool$WorkQueue.topLevelExec(ForkJoinPool.java:1020)
	at java.base/java.util.concurrent.ForkJoinPool.scan(ForkJoinPool.java:1656)
	at java.base/java.util.concurrent.ForkJoinPool.runWorker(ForkJoinPool.java:1594)
	at java.base/java.util.concurrent.ForkJoinWorkerThread.run(ForkJoinWorkerThread.java:177)
Caused by: java.io.IOException: Cannot run program "sh" (in directory "."): error=2, No such file or directory
	at java.base/java.lang.ProcessBuilder.start(ProcessBuilder.java:1128)
	at java.base/java.lang.ProcessBuilder.start(ProcessBuilder.java:1071)
	at com.pass.seeker.extractor.RarExtractor.extractWithPassword(RarExtractor.java:24)
	... 12 common frames omitted
Caused by: java.io.IOException: error=2, No such file or directory
	at java.base/java.lang.ProcessImpl.forkAndExec(Native Method)
	at java.base/java.lang.ProcessImpl.<init>(ProcessImpl.java:340)
	at java.base/java.lang.ProcessImpl.start(ProcessImpl.java:271)
	at java.base/java.lang.ProcessBuilder.start(ProcessBuilder.java:1107)
	... 14 common frames omitted
